<?xml version="1.0" encoding="UTF-8"?>
<!-- Generated by org.testng.reporters.JUnitReportReporter -->
<testsuite hostname="SSE-NB-017" failures="0" tests="1" name="com.inetbanking.testCases.TC_LoginTest_001" time="1.191" errors="0" timestamp="2019-11-28T09:04:58 CET" skipped="0">
  <testcase classname="com.inetbanking.testCases.TC_LoginTest_001" name="loginTest" time="1.191"/>
</testsuite> <!-- com.inetbanking.testCases.TC_LoginTest_001 -->
